<b:beans xmlns:b="http://www.springframework.org/schema/beans"
	xmlns="http://www.springframework.org/schema/security" xmlns:xsi="http://www.w3.org/2001/XMLSchema-instance"
	 xmlns:mockito="http://www.mockito.org/spring/mockito"
	xsi:schemaLocation="http://www.springframework.org/schema/security http://www.springframework.org/schema/security/spring-security-3.1.xsd
		http://www.springframework.org/schema/beans http://www.springframework.org/schema/beans/spring-beans-3.1.xsd
		http://www.mockito.org/spring/mockito http://www.mockito.org/spring/mockito.xsd">

	<http auto-config="true">
		<intercept-url pattern="/admin/**" access="ROLE_ADMIN" />
		<logout logout-url="/logout" invalidate-session="true"
			logout-success-url="/" />
	</http>
	
	<b:bean id="userDetailsService"
		class="hu.sonrisa.spring.security.login.UserDetailsServiceImpl">
	</b:bean>
	
	<b:bean id="daoAuthenticationProvider"
		class="org.springframework.security.authentication.dao.DaoAuthenticationProvider">
		<b:property name="userDetailsService" ref="userDetailsService" />
	</b:bean>
	
	<mockito:mock id="myUserService" class="hu.sonrisa.spring.usermanager.service.MyUserService"/>

	<authentication-manager alias="authenticationManager">
		<authentication-provider user-service-ref="userDetailsService">
			<password-encoder hash="plaintext" />
		</authentication-provider>
	</authentication-manager>
	
	<b:bean id="authenticationManager"
        class="org.springframework.security.authentication.ProviderManager">
        <b:property name="providers">
            <b:list>
                <b:ref local="daoAuthenticationProvider" />
            </b:list>
        </b:property>
    </b:bean>
	
</b:beans>