<beans:beans xmlns="http://www.springframework.org/schema/security"
	xmlns:beans="http://www.springframework.org/schema/beans" xmlns:xsi="http://www.w3.org/2001/XMLSchema-instance"
	xmlns:context="http://www.springframework.org/schema/context"
	xmlns:sec="http://www.springframework.org/schema/security"
	xsi:schemaLocation="http://www.springframework.org/schema/beans
                        http://www.springframework.org/schema/beans/spring-beans-3.1.xsd
					    http://www.springframework.org/schema/context 
	  					http://www.springframework.org/schema/context/spring-context-3.1.xsd 
                        http://www.springframework.org/schema/security
                        http://www.springframework.org/schema/security/spring-security-3.1.xsd">


	<sec:global-method-security
		secured-annotations="enabled" authentication-manager-ref="authenticationManager" />

	<beans:bean id="userDetailsService"
		class="hu.sonrisa.spring.security.login.UserDetailsServiceImpl">
	</beans:bean>

	<beans:bean id="daoAuthenticationProvider"
		class="org.springframework.security.authentication.dao.DaoAuthenticationProvider">
		<beans:property name="userDetailsService" ref="userDetailsService" />
	</beans:bean>
	
	<sec:authentication-manager alias="authenticationManager">
		<sec:authentication-provider user-service-ref="userDetailsService">
			<password-encoder hash="plaintext" />
		</sec:authentication-provider>
	</sec:authentication-manager>
	
	<beans:bean id="authenticationManager"
        class="org.springframework.security.authentication.ProviderManager">
        <beans:property name="providers">
            <beans:list>
                <beans:ref local="daoAuthenticationProvider" />
            </beans:list>
        </beans:property>
    </beans:bean>


</beans:beans>